C51 COMPILER V9.01   INTERRUPT                                                             06/06/2020 14:18:06 PAGE 1   


C51 COMPILER V9.01, COMPILATION OF MODULE INTERRUPT
OBJECT MODULE PLACED IN interrupt.OBJ
COMPILER INVOKED BY: C:\Keil\C51\BIN\C51.EXE interrupt.c BROWSE DEBUG OBJECTEXTEND

line level    source

   1          #include <at89x51.h>
   2          #include "string.h"
   3          //Dinh nghia mot so chan de dieu khien den LCD
   4          #define LCD_DATA P0
   5          sbit EN=P1^2;
   6          sbit RS=P1^0;
   7          sbit RW=P1^1;      
   8          //Khai bao prototype cho cac ham
   9          void Init_System();     
  10          void Delay_ms(int interval);  
  11          void LCD_init();
  12          void Wait_For_LCD();
  13          void LCD_Send_Command(unsigned char x);
  14          void LCD_Write_One_Char(unsigned char c);
  15          void LCD_Write_String(unsigned char *s);
  16          void main()
  17          {
  18   1              Init_System();
  19   1              LCD_init();
  20   1              LCD_Write_String("Xin chao KTMT61");
  21   1              LCD_Send_Command(0xC0); //Chuyen con tro xuong dong thu 2
  22   1              LCD_Write_String("***************");    
  23   1              while(1){               
  24   2              }
  25   1      }
  26          void Init_System()
  27          {
  28   1              //Thiet lap LCD o che do doc
  29   1              RW=1;   
  30   1      }
  31          void Delay_ms(int interval)
  32          {
  33   1              int i,j;
  34   1              for(i=0;i<1000;i++)
  35   1              {
  36   2                      for(j=0;j<interval;j++);
  37   2              }
  38   1      }
  39          //Ham thuc hien gui mot lenh xuong LCD
  40          void LCD_Send_Command(unsigned char x)
  41          {
  42   1              LCD_DATA=x;
  43   1              RS=0; //Chon thanh ghi lenh
  44   1              RW=0; //De ghi du lieu
  45   1              EN=1;
  46   1              Delay_ms(1);
  47   1              EN=0;           
  48   1              Wait_For_LCD(); //Doi cho LCD san sang
  49   1              EN=1;             
  50   1      }
  51          //Ham kiem tra va cho den khi LCD san sang
  52          void Wait_For_LCD()
  53          {
  54   1              Delay_ms(10);
  55   1      }
C51 COMPILER V9.01   INTERRUPT                                                             06/06/2020 14:18:06 PAGE 2   

  56          void LCD_init()
  57          {
  58   1              LCD_Send_Command(0x38); //Chon che do 8 bit, 2 hang cho LCD
  59   1              LCD_Send_Command(0x0E); //Bat hien thi, nhap nhay con tro       
  60   1              LCD_Send_Command(0x01); //Xoa man hinh  
  61   1              LCD_Send_Command(0x80); //Ve dau dong
  62   1              
  63   1      }
  64          //Ham de LCD hien thi mot ky tu
  65          void LCD_Write_One_Char(unsigned char c)
  66          {
  67   1              LCD_DATA=c; //Dua du lieu vao thanh ghi 
  68   1              RS=1; //Chon thanh ghi du lieu
  69   1              RW=0;
  70   1              EN=1;
  71   1              Delay_ms(1);    
  72   1              EN=0;
  73   1              Wait_For_LCD(); 
  74   1              EN=1;
  75   1      }
  76          //Ham de LCD hien thi mot xau
  77          void LCD_Write_String(unsigned char *s)
  78          {
  79   1              unsigned char length;
  80   1              length=strlen(s); //Lay do dai xau
  81   1              while(length!=0)
  82   1              {
  83   2                      LCD_Write_One_Char(*s); //Ghi ra LCD gia tri duoc tro boi con tro
  84   2                      s++; //Tang con tro
  85   2                      length--;                        
  86   2              }
  87   1      }
  88          


MODULE INFORMATION:   STATIC OVERLAYABLE
   CODE SIZE        =    176    ----
   CONSTANT SIZE    =     32    ----
   XDATA SIZE       =   ----    ----
   PDATA SIZE       =   ----    ----
   DATA SIZE        =   ----       4
   IDATA SIZE       =   ----    ----
   BIT SIZE         =   ----    ----
END OF MODULE INFORMATION.


C51 COMPILATION COMPLETE.  0 WARNING(S),  0 ERROR(S)
