C51 COMPILER V9.01   MAIN                                                                  10/10/2019 11:34:35 PAGE 1   


C51 COMPILER V9.01, COMPILATION OF MODULE MAIN
OBJECT MODULE PLACED IN main.OBJ
COMPILER INVOKED BY: C:\Tools\Keil\C51\BIN\C51.EXE main.c BROWSE DEBUG OBJECTEXTEND

line level    source

   1          #include<reg51.h>
   2          
   3          void delay(int);
   4          sbit btn = P1^0;
   5          
   6          int main(void)
   7          {
   8   1              char ch = 0x55;
   9   1              P0 = 0x00;   
  10   1              EA=1;           
  11   1              EX0=1;
  12   1      
  13   1              while(1)           
  14   1              {
  15   2                      btn = 1;
  16   2                      if (btn == 0)
  17   2                      {
  18   3                              P0 = ch;
  19   3                              ch = ~ch;
  20   3                              delay(30000);                     
  21   3                      }
  22   2              }
  23   1      }
  24          
  25          
  26          void EX0_ISR()   interrupt 0                    
  27          {               
  28   1              P0 = 0;                         
  29   1      }
  30          
  31          
  32          void delay(int a)
  33          {
  34   1         int i;
  35   1         for(i=0;i<a;i++);   
  36   1      }


MODULE INFORMATION:   STATIC OVERLAYABLE
   CODE SIZE        =     58    ----
   CONSTANT SIZE    =   ----    ----
   XDATA SIZE       =   ----    ----
   PDATA SIZE       =   ----    ----
   DATA SIZE        =   ----       1
   IDATA SIZE       =   ----    ----
   BIT SIZE         =   ----    ----
END OF MODULE INFORMATION.


C51 COMPILATION COMPLETE.  0 WARNING(S),  0 ERROR(S)
