A51 MACRO ASSEMBLER  MAIN                                                                 06/13/2020 12:55:55 PAGE     1


MACRO ASSEMBLER A51 V8.02
NO OBJECT MODULE REQUESTED
ASSEMBLER INVOKED BY: C:\Keil\C51\BIN\A51.EXE main.asm SET(SMALL) DEBUG EP

LOC  OBJ            LINE     SOURCE

                       1     ;#include <at89x51.h>
                +1     2     
                +1     3     
                +1     4     
                +1     5     
                +1     6     
                +1     7     
                +1     8     
                +1     9     
                +1    10     
                +1    11     
                +1    12     
                +1    13     
                +1    14     
                +1    15     
  0080          +1    16     sfr P0      = 0x80;
*** _____________________________^
*** ERROR #A10 IN 16 (C:\KEIL\C51\INC\ATMEL\AT89X51.H, LINE 15): ATTEMPT TO DEFINE AN ALREADY DEFINED SYMBOL
  0081          +1    17     sfr SP      = 0x81;
*** _____________________________^
*** ERROR #A10 IN 17 (C:\KEIL\C51\INC\ATMEL\AT89X51.H, LINE 16): ATTEMPT TO DEFINE AN ALREADY DEFINED SYMBOL
  0082          +1    18     sfr DPL     = 0x82;
*** _____________________________^
*** ERROR #A10 IN 18 (C:\KEIL\C51\INC\ATMEL\AT89X51.H, LINE 17): ATTEMPT TO DEFINE AN ALREADY DEFINED SYMBOL
  0083          +1    19     sfr DPH     = 0x83;
*** _____________________________^
*** ERROR #A10 IN 19 (C:\KEIL\C51\INC\ATMEL\AT89X51.H, LINE 18): ATTEMPT TO DEFINE AN ALREADY DEFINED SYMBOL
  0087          +1    20     sfr PCON    = 0x87;
*** _____________________________^
*** ERROR #A10 IN 20 (C:\KEIL\C51\INC\ATMEL\AT89X51.H, LINE 19): ATTEMPT TO DEFINE AN ALREADY DEFINED SYMBOL
  0088          +1    21     sfr TCON    = 0x88;
*** _____________________________^
*** ERROR #A10 IN 21 (C:\KEIL\C51\INC\ATMEL\AT89X51.H, LINE 20): ATTEMPT TO DEFINE AN ALREADY DEFINED SYMBOL
  0089          +1    22     sfr TMOD    = 0x89;
*** _____________________________^
*** ERROR #A10 IN 22 (C:\KEIL\C51\INC\ATMEL\AT89X51.H, LINE 21): ATTEMPT TO DEFINE AN ALREADY DEFINED SYMBOL
  008A          +1    23     sfr TL0     = 0x8A;
*** _____________________________^
*** ERROR #A10 IN 23 (C:\KEIL\C51\INC\ATMEL\AT89X51.H, LINE 22): ATTEMPT TO DEFINE AN ALREADY DEFINED SYMBOL
  008B          +1    24     sfr TL1     = 0x8B;
*** _____________________________^
*** ERROR #A10 IN 24 (C:\KEIL\C51\INC\ATMEL\AT89X51.H, LINE 23): ATTEMPT TO DEFINE AN ALREADY DEFINED SYMBOL
  008C          +1    25     sfr TH0     = 0x8C;
*** _____________________________^
*** ERROR #A10 IN 25 (C:\KEIL\C51\INC\ATMEL\AT89X51.H, LINE 24): ATTEMPT TO DEFINE AN ALREADY DEFINED SYMBOL
  008D          +1    26     sfr TH1     = 0x8D;
*** _____________________________^
*** ERROR #A10 IN 26 (C:\KEIL\C51\INC\ATMEL\AT89X51.H, LINE 25): ATTEMPT TO DEFINE AN ALREADY DEFINED SYMBOL
  0090          +1    27     sfr P1      = 0x90;
*** _____________________________^
*** ERROR #A10 IN 27 (C:\KEIL\C51\INC\ATMEL\AT89X51.H, LINE 26): ATTEMPT TO DEFINE AN ALREADY DEFINED SYMBOL
  0098          +1    28     sfr SCON    = 0x98;
*** _____________________________^
*** ERROR #A10 IN 28 (C:\KEIL\C51\INC\ATMEL\AT89X51.H, LINE 27): ATTEMPT TO DEFINE AN ALREADY DEFINED SYMBOL
  0099          +1    29     sfr SBUF    = 0x99;
*** _____________________________^
*** ERROR #A10 IN 29 (C:\KEIL\C51\INC\ATMEL\AT89X51.H, LINE 28): ATTEMPT TO DEFINE AN ALREADY DEFINED SYMBOL
  00A0          +1    30     sfr P2      = 0xA0;
A51 MACRO ASSEMBLER  MAIN                                                                 06/13/2020 12:55:55 PAGE     2

*** _____________________________^
*** ERROR #A10 IN 30 (C:\KEIL\C51\INC\ATMEL\AT89X51.H, LINE 29): ATTEMPT TO DEFINE AN ALREADY DEFINED SYMBOL
  00A8          +1    31     sfr IE      = 0xA8;
*** _____________________________^
*** ERROR #A10 IN 31 (C:\KEIL\C51\INC\ATMEL\AT89X51.H, LINE 30): ATTEMPT TO DEFINE AN ALREADY DEFINED SYMBOL
  00B0          +1    32     sfr P3      = 0xB0;
*** _____________________________^
*** ERROR #A10 IN 32 (C:\KEIL\C51\INC\ATMEL\AT89X51.H, LINE 31): ATTEMPT TO DEFINE AN ALREADY DEFINED SYMBOL
  00B8          +1    33     sfr IP      = 0xB8;
*** _____________________________^
*** ERROR #A10 IN 33 (C:\KEIL\C51\INC\ATMEL\AT89X51.H, LINE 32): ATTEMPT TO DEFINE AN ALREADY DEFINED SYMBOL
  00D0          +1    34     sfr PSW     = 0xD0;
*** _____________________________^
*** ERROR #A10 IN 34 (C:\KEIL\C51\INC\ATMEL\AT89X51.H, LINE 33): ATTEMPT TO DEFINE AN ALREADY DEFINED SYMBOL
  00E0          +1    35     sfr ACC     = 0xE0;
*** _____________________________^
*** ERROR #A10 IN 35 (C:\KEIL\C51\INC\ATMEL\AT89X51.H, LINE 34): ATTEMPT TO DEFINE AN ALREADY DEFINED SYMBOL
  00F0          +1    36     sfr B       = 0xF0;
*** _____________________________^
*** ERROR #A10 IN 36 (C:\KEIL\C51\INC\ATMEL\AT89X51.H, LINE 35): ATTEMPT TO DEFINE AN ALREADY DEFINED SYMBOL
                +1    37     
                +1    38     
                +1    39     
                +1    40     
  0080          +1    41     sbit P0_0 = 0x80;
  0081          +1    42     sbit P0_1 = 0x81;
  0082          +1    43     sbit P0_2 = 0x82;
  0083          +1    44     sbit P0_3 = 0x83;
  0084          +1    45     sbit P0_4 = 0x84;
  0085          +1    46     sbit P0_5 = 0x85;
  0086          +1    47     sbit P0_6 = 0x86;
  0087          +1    48     sbit P0_7 = 0x87;
                +1    49     
                +1    50     
                +1    51     
                +1    52     
                +1    53     
                +1    54     
                +1    55     
                +1    56     
                +1    57     
                +1    58     
                +1    59     
                +1    60     
                +1    61     
                +1    62     
                +1    63     
                +1    64     
                +1    65     
  0088          +1    66     sbit IT0  = 0x88;
*** ______________________________^
*** ERROR #A10 IN 66 (C:\KEIL\C51\INC\ATMEL\AT89X51.H, LINE 65): ATTEMPT TO DEFINE AN ALREADY DEFINED SYMBOL
  0089          +1    67     sbit IE0  = 0x89;
*** ______________________________^
*** ERROR #A10 IN 67 (C:\KEIL\C51\INC\ATMEL\AT89X51.H, LINE 66): ATTEMPT TO DEFINE AN ALREADY DEFINED SYMBOL
  008A          +1    68     sbit IT1  = 0x8A;
*** ______________________________^
*** ERROR #A10 IN 68 (C:\KEIL\C51\INC\ATMEL\AT89X51.H, LINE 67): ATTEMPT TO DEFINE AN ALREADY DEFINED SYMBOL
  008B          +1    69     sbit IE1  = 0x8B;
*** ______________________________^
*** ERROR #A10 IN 69 (C:\KEIL\C51\INC\ATMEL\AT89X51.H, LINE 68): ATTEMPT TO DEFINE AN ALREADY DEFINED SYMBOL
  008C          +1    70     sbit TR0  = 0x8C;
*** ______________________________^
*** ERROR #A10 IN 70 (C:\KEIL\C51\INC\ATMEL\AT89X51.H, LINE 69): ATTEMPT TO DEFINE AN ALREADY DEFINED SYMBOL
  008D          +1    71     sbit TF0  = 0x8D;
*** ______________________________^
A51 MACRO ASSEMBLER  MAIN                                                                 06/13/2020 12:55:55 PAGE     3

*** ERROR #A10 IN 71 (C:\KEIL\C51\INC\ATMEL\AT89X51.H, LINE 70): ATTEMPT TO DEFINE AN ALREADY DEFINED SYMBOL
  008E          +1    72     sbit TR1  = 0x8E;
*** ______________________________^
*** ERROR #A10 IN 72 (C:\KEIL\C51\INC\ATMEL\AT89X51.H, LINE 71): ATTEMPT TO DEFINE AN ALREADY DEFINED SYMBOL
  008F          +1    73     sbit TF1  = 0x8F;
*** ______________________________^
*** ERROR #A10 IN 73 (C:\KEIL\C51\INC\ATMEL\AT89X51.H, LINE 72): ATTEMPT TO DEFINE AN ALREADY DEFINED SYMBOL
                +1    74     
                +1    75     
                +1    76     
                +1    77     
                +1    78     
                +1    79     
                +1    80     
                +1    81     
                +1    82     
                +1    83     
                +1    84     
                +1    85     
                +1    86     
                +1    87     
                +1    88     
                +1    89     
                +1    90     
                +1    91     
                +1    92     
  0090          +1    93     sbit P1_0 = 0x90;
  0091          +1    94     sbit P1_1 = 0x91;
  0092          +1    95     sbit P1_2 = 0x92;
  0093          +1    96     sbit P1_3 = 0x93;
  0094          +1    97     sbit P1_4 = 0x94;
  0095          +1    98     sbit P1_5 = 0x95;
  0096          +1    99     sbit P1_6 = 0x96;
  0097          +1   100     sbit P1_7 = 0x97;
                +1   101     
                +1   102     
                +1   103     
                +1   104     
  0098          +1   105     sbit RI   = 0x98;
*** ______________________________^
*** ERROR #A10 IN 105 (C:\KEIL\C51\INC\ATMEL\AT89X51.H, LINE 104): ATTEMPT TO DEFINE AN ALREADY DEFINED SYMBOL
  0099          +1   106     sbit TI   = 0x99;
*** ______________________________^
*** ERROR #A10 IN 106 (C:\KEIL\C51\INC\ATMEL\AT89X51.H, LINE 105): ATTEMPT TO DEFINE AN ALREADY DEFINED SYMBOL
  009A          +1   107     sbit RB8  = 0x9A;
*** ______________________________^
*** ERROR #A10 IN 107 (C:\KEIL\C51\INC\ATMEL\AT89X51.H, LINE 106): ATTEMPT TO DEFINE AN ALREADY DEFINED SYMBOL
  009B          +1   108     sbit TB8  = 0x9B;
*** ______________________________^
*** ERROR #A10 IN 108 (C:\KEIL\C51\INC\ATMEL\AT89X51.H, LINE 107): ATTEMPT TO DEFINE AN ALREADY DEFINED SYMBOL
  009C          +1   109     sbit REN  = 0x9C;
*** ______________________________^
*** ERROR #A10 IN 109 (C:\KEIL\C51\INC\ATMEL\AT89X51.H, LINE 108): ATTEMPT TO DEFINE AN ALREADY DEFINED SYMBOL
  009D          +1   110     sbit SM2  = 0x9D;
*** ______________________________^
*** ERROR #A10 IN 110 (C:\KEIL\C51\INC\ATMEL\AT89X51.H, LINE 109): ATTEMPT TO DEFINE AN ALREADY DEFINED SYMBOL
  009E          +1   111     sbit SM1  = 0x9E;
*** ______________________________^
*** ERROR #A10 IN 111 (C:\KEIL\C51\INC\ATMEL\AT89X51.H, LINE 110): ATTEMPT TO DEFINE AN ALREADY DEFINED SYMBOL
  009F          +1   112     sbit SM0  = 0x9F;
*** ______________________________^
*** ERROR #A10 IN 112 (C:\KEIL\C51\INC\ATMEL\AT89X51.H, LINE 111): ATTEMPT TO DEFINE AN ALREADY DEFINED SYMBOL
                +1   113     
                +1   114     
                +1   115     
                +1   116     
A51 MACRO ASSEMBLER  MAIN                                                                 06/13/2020 12:55:55 PAGE     4

  00A0          +1   117     sbit P2_0 = 0xA0;
  00A1          +1   118     sbit P2_1 = 0xA1;
  00A2          +1   119     sbit P2_2 = 0xA2;
  00A3          +1   120     sbit P2_3 = 0xA3;
  00A4          +1   121     sbit P2_4 = 0xA4;
  00A5          +1   122     sbit P2_5 = 0xA5;
  00A6          +1   123     sbit P2_6 = 0xA6;
  00A7          +1   124     sbit P2_7 = 0xA7;
                +1   125     
                +1   126     
                +1   127     
                +1   128     
  00A8          +1   129     sbit EX0  = 0xA8;       /* 1=Enable External interrupt 0 */
*** ______________________________^
*** ERROR #A10 IN 129 (C:\KEIL\C51\INC\ATMEL\AT89X51.H, LINE 128): ATTEMPT TO DEFINE AN ALREADY DEFINED SYMBOL
  00A9          +1   130     sbit ET0  = 0xA9;       /* 1=Enable Timer 0 interrupt */
*** ______________________________^
*** ERROR #A10 IN 130 (C:\KEIL\C51\INC\ATMEL\AT89X51.H, LINE 129): ATTEMPT TO DEFINE AN ALREADY DEFINED SYMBOL
  00AA          +1   131     sbit EX1  = 0xAA;       /* 1=Enable External interrupt 1 */
*** ______________________________^
*** ERROR #A10 IN 131 (C:\KEIL\C51\INC\ATMEL\AT89X51.H, LINE 130): ATTEMPT TO DEFINE AN ALREADY DEFINED SYMBOL
  00AB          +1   132     sbit ET1  = 0xAB;       /* 1=Enable Timer 1 interrupt */
*** ______________________________^
*** ERROR #A10 IN 132 (C:\KEIL\C51\INC\ATMEL\AT89X51.H, LINE 131): ATTEMPT TO DEFINE AN ALREADY DEFINED SYMBOL
  00AC          +1   133     sbit ES   = 0xAC;       /* 1=Enable Serial port interrupt */
*** ______________________________^
*** ERROR #A10 IN 133 (C:\KEIL\C51\INC\ATMEL\AT89X51.H, LINE 132): ATTEMPT TO DEFINE AN ALREADY DEFINED SYMBOL
  00AD          +1   134     sbit ET2  = 0xAD;       /* 1=Enable Timer 2 interrupt */
                +1   135     
  00AF          +1   136     sbit EA   = 0xAF;       /* 0=Disable all interrupts */
*** ______________________________^
*** ERROR #A10 IN 136 (C:\KEIL\C51\INC\ATMEL\AT89X51.H, LINE 135): ATTEMPT TO DEFINE AN ALREADY DEFINED SYMBOL
                +1   137     
                +1   138     
                +1   139     
                +1   140     
  00B0          +1   141     sbit P3_0 = 0xB0;
  00B1          +1   142     sbit P3_1 = 0xB1;
  00B2          +1   143     sbit P3_2 = 0xB2;
  00B3          +1   144     sbit P3_3 = 0xB3;
  00B4          +1   145     sbit P3_4 = 0xB4;
  00B5          +1   146     sbit P3_5 = 0xB5;
  00B6          +1   147     sbit P3_6 = 0xB6;
  00B7          +1   148     sbit P3_7 = 0xB7;
                +1   149     
  00B0          +1   150     sbit RXD  = 0xB0;       /* Serial data input */
*** ______________________________^
*** ERROR #A10 IN 150 (C:\KEIL\C51\INC\ATMEL\AT89X51.H, LINE 149): ATTEMPT TO DEFINE AN ALREADY DEFINED SYMBOL
  00B1          +1   151     sbit TXD  = 0xB1;       /* Serial data output */
*** ______________________________^
*** ERROR #A10 IN 151 (C:\KEIL\C51\INC\ATMEL\AT89X51.H, LINE 150): ATTEMPT TO DEFINE AN ALREADY DEFINED SYMBOL
  00B2          +1   152     sbit INT0 = 0xB2;       /* External interrupt 0 */
*** ______________________________^
*** ERROR #A10 IN 152 (C:\KEIL\C51\INC\ATMEL\AT89X51.H, LINE 151): ATTEMPT TO DEFINE AN ALREADY DEFINED SYMBOL
  00B3          +1   153     sbit INT1 = 0xB3;       /* External interrupt 1 */
*** ______________________________^
*** ERROR #A10 IN 153 (C:\KEIL\C51\INC\ATMEL\AT89X51.H, LINE 152): ATTEMPT TO DEFINE AN ALREADY DEFINED SYMBOL
  00B4          +1   154     sbit T0   = 0xB4;       /* Timer 0 external input */
*** ______________________________^
*** ERROR #A10 IN 154 (C:\KEIL\C51\INC\ATMEL\AT89X51.H, LINE 153): ATTEMPT TO DEFINE AN ALREADY DEFINED SYMBOL
  00B5          +1   155     sbit T1   = 0xB5;       /* Timer 1 external input */
*** ______________________________^
*** ERROR #A10 IN 155 (C:\KEIL\C51\INC\ATMEL\AT89X51.H, LINE 154): ATTEMPT TO DEFINE AN ALREADY DEFINED SYMBOL
  00B6          +1   156     sbit WR   = 0xB6;       /* External data memory write strobe */
*** ______________________________^
*** ERROR #A10 IN 156 (C:\KEIL\C51\INC\ATMEL\AT89X51.H, LINE 155): ATTEMPT TO DEFINE AN ALREADY DEFINED SYMBOL
A51 MACRO ASSEMBLER  MAIN                                                                 06/13/2020 12:55:55 PAGE     5

  00B7          +1   157     sbit RD   = 0xB7;       /* External data memory read strobe */
*** ______________________________^
*** ERROR #A10 IN 157 (C:\KEIL\C51\INC\ATMEL\AT89X51.H, LINE 156): ATTEMPT TO DEFINE AN ALREADY DEFINED SYMBOL
                +1   158     
                +1   159     
                +1   160     
                +1   161     
  00B8          +1   162     sbit PX0  = 0xB8;
*** ______________________________^
*** ERROR #A10 IN 162 (C:\KEIL\C51\INC\ATMEL\AT89X51.H, LINE 161): ATTEMPT TO DEFINE AN ALREADY DEFINED SYMBOL
  00B9          +1   163     sbit PT0  = 0xB9;
*** ______________________________^
*** ERROR #A10 IN 163 (C:\KEIL\C51\INC\ATMEL\AT89X51.H, LINE 162): ATTEMPT TO DEFINE AN ALREADY DEFINED SYMBOL
  00BA          +1   164     sbit PX1  = 0xBA;
*** ______________________________^
*** ERROR #A10 IN 164 (C:\KEIL\C51\INC\ATMEL\AT89X51.H, LINE 163): ATTEMPT TO DEFINE AN ALREADY DEFINED SYMBOL
  00BB          +1   165     sbit PT1  = 0xBB;
*** ______________________________^
*** ERROR #A10 IN 165 (C:\KEIL\C51\INC\ATMEL\AT89X51.H, LINE 164): ATTEMPT TO DEFINE AN ALREADY DEFINED SYMBOL
  00BC          +1   166     sbit PS   = 0xBC;
*** ______________________________^
*** ERROR #A10 IN 166 (C:\KEIL\C51\INC\ATMEL\AT89X51.H, LINE 165): ATTEMPT TO DEFINE AN ALREADY DEFINED SYMBOL
  00BD          +1   167     sbit PT2  = 0xBD;
                +1   168     
                +1   169     
                +1   170     
                +1   171     
  00D0          +1   172     sbit P    = 0xD0;
*** ______________________________^
*** ERROR #A10 IN 172 (C:\KEIL\C51\INC\ATMEL\AT89X51.H, LINE 171): ATTEMPT TO DEFINE AN ALREADY DEFINED SYMBOL
  00D1          +1   173     sbit F1   = 0xD1;
  00D2          +1   174     sbit OV   = 0xD2;
*** ______________________________^
*** ERROR #A10 IN 174 (C:\KEIL\C51\INC\ATMEL\AT89X51.H, LINE 173): ATTEMPT TO DEFINE AN ALREADY DEFINED SYMBOL
  00D3          +1   175     sbit RS0  = 0xD3;
*** ______________________________^
*** ERROR #A10 IN 175 (C:\KEIL\C51\INC\ATMEL\AT89X51.H, LINE 174): ATTEMPT TO DEFINE AN ALREADY DEFINED SYMBOL
  00D4          +1   176     sbit RS1  = 0xD4;
*** ______________________________^
*** ERROR #A10 IN 176 (C:\KEIL\C51\INC\ATMEL\AT89X51.H, LINE 175): ATTEMPT TO DEFINE AN ALREADY DEFINED SYMBOL
  00D5          +1   177     sbit F0   = 0xD5;
*** ______________________________^
*** ERROR #A10 IN 177 (C:\KEIL\C51\INC\ATMEL\AT89X51.H, LINE 176): ATTEMPT TO DEFINE AN ALREADY DEFINED SYMBOL
  00D6          +1   178     sbit AC   = 0xD6;
*** ______________________________^
*** ERROR #A10 IN 178 (C:\KEIL\C51\INC\ATMEL\AT89X51.H, LINE 177): ATTEMPT TO DEFINE AN ALREADY DEFINED SYMBOL
  00D7          +1   179     sbit CY   = 0xD7;
*** ______________________________^
*** ERROR #A10 IN 179 (C:\KEIL\C51\INC\ATMEL\AT89X51.H, LINE 178): ATTEMPT TO DEFINE AN ALREADY DEFINED SYMBOL
                +1   180     
                +1   181     
                +1   182     
                +1   183     
                +1   184     
                +1   185     
                +1   186     
                +1   187     
                +1   188     
                +1   189     
                +1   190     
                +1   191     
                +1   192     
                +1   193     
                     194     
                     195     ;#include "string.h"
                +1   196     
A51 MACRO ASSEMBLER  MAIN                                                                 06/13/2020 12:55:55 PAGE     6

                +1   197     
                +1   198     
                +1   199     
                +1   200     
                +1   201     
                +1   202     
                +1   203     
                +1   204     
                +1   205     
                +1   206     
                +1   207     
                +1   208      
                +1   209      typedef unsigned int size_t;
*** __________________________^
*** ERROR #A9 IN 209 (C:\KEIL\C51\INC\STRING.H, LINE 14): SYNTAX ERROR
                +1   210     
                +1   211     
                +1   212     
                +1   213      
                +1   214     
                +1   215     
                +1   216  +1 $SAVE
                +1   217  +1 $REGPARMS
*** ERROR #A68 IN 217 (C:\KEIL\C51\INC\STRING.H, LINE 22): UNKNOWN CONTROL OR BAD ARGUMENT(S)
                +1   218  +1 extern char *strcat (char *s1, char *s2);
*** _________________________^
*** ERROR #A9 IN 218 (C:\KEIL\C51\INC\STRING.H, LINE 23): SYNTAX ERROR
                +1   219  +1 extern char *strncat (char *s1, char *s2, int n);
*** _________________________^
*** ERROR #A9 IN 219 (C:\KEIL\C51\INC\STRING.H, LINE 24): SYNTAX ERROR
                +1   220  +1 
                +1   221  +1 extern char strcmp (char *s1, char *s2);
*** _________________________^
*** ERROR #A9 IN 221 (C:\KEIL\C51\INC\STRING.H, LINE 26): SYNTAX ERROR
                +1   222  +1 extern char strncmp (char *s1, char *s2, int n);
*** _________________________^
*** ERROR #A9 IN 222 (C:\KEIL\C51\INC\STRING.H, LINE 27): SYNTAX ERROR
                +1   223  +1 
                +1   224  +1 extern char *strcpy (char *s1, char *s2);
*** _________________________^
*** ERROR #A9 IN 224 (C:\KEIL\C51\INC\STRING.H, LINE 29): SYNTAX ERROR
                +1   225  +1 extern char *strncpy (char *s1, char *s2, int n);
*** _________________________^
*** ERROR #A9 IN 225 (C:\KEIL\C51\INC\STRING.H, LINE 30): SYNTAX ERROR
                +1   226  +1 
                +1   227  +1 extern int strlen (char *);
*** _________________________^
*** ERROR #A9 IN 227 (C:\KEIL\C51\INC\STRING.H, LINE 32): SYNTAX ERROR
                +1   228  +1 
                +1   229  +1 extern char *strchr (const char *s, char c);
*** _________________________^
*** ERROR #A9 IN 229 (C:\KEIL\C51\INC\STRING.H, LINE 34): SYNTAX ERROR
                +1   230  +1 extern int strpos (const char *s, char c);
*** _________________________^
*** ERROR #A9 IN 230 (C:\KEIL\C51\INC\STRING.H, LINE 35): SYNTAX ERROR
                +1   231  +1 extern char *strrchr (const char *s, char c);
*** _________________________^
*** ERROR #A9 IN 231 (C:\KEIL\C51\INC\STRING.H, LINE 36): SYNTAX ERROR
                +1   232  +1 extern int strrpos (const char *s, char c);
*** _________________________^
*** ERROR #A9 IN 232 (C:\KEIL\C51\INC\STRING.H, LINE 37): SYNTAX ERROR
                +1   233  +1 
                +1   234  +1 extern int strspn (char *s, char *set);
*** _________________________^
*** ERROR #A9 IN 234 (C:\KEIL\C51\INC\STRING.H, LINE 39): SYNTAX ERROR
                +1   235  +1 extern int strcspn (char *s, char *set);
A51 MACRO ASSEMBLER  MAIN                                                                 06/13/2020 12:55:55 PAGE     7

*** _________________________^
*** ERROR #A9 IN 235 (C:\KEIL\C51\INC\STRING.H, LINE 40): SYNTAX ERROR
                +1   236  +1 extern char *strpbrk (char *s, char *set);
*** _________________________^
*** ERROR #A9 IN 236 (C:\KEIL\C51\INC\STRING.H, LINE 41): SYNTAX ERROR
                +1   237  +1 extern char *strrpbrk (char *s, char *set);
*** _________________________^
*** ERROR #A9 IN 237 (C:\KEIL\C51\INC\STRING.H, LINE 42): SYNTAX ERROR
                +1   238  +1 extern char *strstr  (char *s, char *sub);
*** _________________________^
*** ERROR #A9 IN 238 (C:\KEIL\C51\INC\STRING.H, LINE 43): SYNTAX ERROR
                +1   239  +1 extern char *strtok  (char *str, const char *set);
*** _________________________^
*** ERROR #A9 IN 239 (C:\KEIL\C51\INC\STRING.H, LINE 44): SYNTAX ERROR
                +1   240  +1 
                +1   241  +1 extern char memcmp (void *s1, void *s2, int n);
*** _________________________^
*** ERROR #A9 IN 241 (C:\KEIL\C51\INC\STRING.H, LINE 46): SYNTAX ERROR
                +1   242  +1 extern void *memcpy (void *s1, void *s2, int n);
*** _________________________^
*** ERROR #A9 IN 242 (C:\KEIL\C51\INC\STRING.H, LINE 47): SYNTAX ERROR
                +1   243  +1 extern void *memchr (void *s, char val, int n);
*** _________________________^
*** ERROR #A9 IN 243 (C:\KEIL\C51\INC\STRING.H, LINE 48): SYNTAX ERROR
                +1   244  +1 extern void *memccpy (void *s1, void *s2, char val, int n);
*** _________________________^
*** ERROR #A9 IN 244 (C:\KEIL\C51\INC\STRING.H, LINE 49): SYNTAX ERROR
                +1   245  +1 extern void *memmove (void *s1, void *s2, int n);
*** _________________________^
*** ERROR #A9 IN 245 (C:\KEIL\C51\INC\STRING.H, LINE 50): SYNTAX ERROR
                +1   246  +1 extern void *memset  (void *s, char val, int n);
*** _________________________^
*** ERROR #A9 IN 246 (C:\KEIL\C51\INC\STRING.H, LINE 51): SYNTAX ERROR
                +1   247  +1 $RESTORE
                +1   248     
                +1   249     
                     250     
                     251     
                     252     
                     253     char uart_data;
*** _________________________^
*** ERROR #A9 IN 253 (main.asm, LINE 5): SYNTAX ERROR
                     254     char message[20];
*** _________________________^
*** _____________________________________^
*** ________________________________________^
*** ERROR #A9 IN 254 (main.asm, LINE 6): SYNTAX ERROR
*** ERROR #A3 IN 254 (main.asm, LINE 6): ILLEGAL CHARACTER
*** ERROR #A3 IN 254 (main.asm, LINE 6): ILLEGAL CHARACTER
                     255     int index=0;
*** _________________________^
*** ERROR #A9 IN 255 (main.asm, LINE 7): SYNTAX ERROR
                     256     
                     257     
                     258     
  0092               259     sbit EN=P1^2;
  0090               260     sbit RS=P1^0;
  0091               261     sbit RW=P1^1;      
                     262     
                     263     void Init_System();     
*** _________________________^
*** ERROR #A9 IN 263 (main.asm, LINE 15): SYNTAX ERROR
                     264     void Delay_ms(int interval);  
*** _________________________^
*** ERROR #A9 IN 264 (main.asm, LINE 16): SYNTAX ERROR
                     265     void LCD_init();
A51 MACRO ASSEMBLER  MAIN                                                                 06/13/2020 12:55:55 PAGE     8

*** _________________________^
*** ERROR #A9 IN 265 (main.asm, LINE 17): SYNTAX ERROR
                     266     void Wait_For_LCD();
*** _________________________^
*** ERROR #A9 IN 266 (main.asm, LINE 18): SYNTAX ERROR
                     267     void LCD_Send_Command(unsigned char x);
*** _________________________^
*** ERROR #A9 IN 267 (main.asm, LINE 19): SYNTAX ERROR
                     268     void LCD_Write_One_Char(unsigned char c);
*** _________________________^
*** ERROR #A9 IN 268 (main.asm, LINE 20): SYNTAX ERROR
                     269     void LCD_Write_String(unsigned char *s);
*** _________________________^
*** ERROR #A9 IN 269 (main.asm, LINE 21): SYNTAX ERROR
                     270     
                     271     void write(char c){
*** _________________________^
*** ___________________________________________^
*** ERROR #A9 IN 271 (main.asm, LINE 23): SYNTAX ERROR
*** ERROR #A3 IN 271 (main.asm, LINE 23): ILLEGAL CHARACTER
                     272             
                     273             
                     274             if(c=='#'){
*** ____________________________________^
*** ___________________________________________^
*** ERROR #A12 IN 274 (main.asm, LINE 26): ILLEGAL FACTOR
*** ERROR #A3 IN 274 (main.asm, LINE 26): ILLEGAL CHARACTER
                     275                     LCD_Send_Command(0x01);
*** _________________________________________^
*** ERROR #A9 IN 275 (main.asm, LINE 27): SYNTAX ERROR
                     276             }if(c=='$'){
*** _________________________________^
*** ____________________________________________^
*** ERROR #A9 IN 276 (main.asm, LINE 28): SYNTAX ERROR
*** ERROR #A3 IN 276 (main.asm, LINE 28): ILLEGAL CHARACTER
                     277                     LCD_Send_Command(0xC0);
*** _________________________________________^
*** ERROR #A9 IN 277 (main.asm, LINE 29): SYNTAX ERROR
                     278             }else{
*** _________________________________^
*** ______________________________________^
*** ERROR #A9 IN 278 (main.asm, LINE 30): SYNTAX ERROR
*** ERROR #A3 IN 278 (main.asm, LINE 30): ILLEGAL CHARACTER
                     279                     LCD_Write_One_Char(c);
*** _________________________________________^
*** ERROR #A9 IN 279 (main.asm, LINE 31): SYNTAX ERROR
                     280             }
*** _________________________________^
*** ERROR #A9 IN 280 (main.asm, LINE 32): SYNTAX ERROR
                     281             
                     282             
                     283     }
*** _________________________^
*** ERROR #A9 IN 283 (main.asm, LINE 35): SYNTAX ERROR
                     284     
                     285     void init_uart(){
*** _________________________^
*** _________________________________________^
*** ERROR #A9 IN 285 (main.asm, LINE 37): SYNTAX ERROR
*** ERROR #A3 IN 285 (main.asm, LINE 37): ILLEGAL CHARACTER
                     286             SCON = 0x50;                    /* uart in mode 1 (8 bit), REN=1 */
*** _________________________________^
*** ERROR #A9 IN 286 (main.asm, LINE 38): SYNTAX ERROR
                     287             TMOD = TMOD | 0x20 ;    /* Timer 1 in mode 2 */
*** _________________________________^
*** ERROR #A9 IN 287 (main.asm, LINE 39): SYNTAX ERROR
A51 MACRO ASSEMBLER  MAIN                                                                 06/13/2020 12:55:55 PAGE     9

                     288             TH1 = 0xFD;                     /* 9600 Bds at 11.0592MHz */
*** _________________________________^
*** ERROR #A9 IN 288 (main.asm, LINE 40): SYNTAX ERROR
                     289             TL1 = 0xFD;                     /* 9600 Bds at 11.0592MHz */
*** _________________________________^
*** ERROR #A9 IN 289 (main.asm, LINE 41): SYNTAX ERROR
                     290             ES = 1;                                 /* Enable serial interrupt*/
*** _________________________________^
*** ERROR #A9 IN 290 (main.asm, LINE 42): SYNTAX ERROR
                     291             EA = 1;                                 /* Enable global interrupt */
*** _________________________________^
*** ERROR #A9 IN 291 (main.asm, LINE 43): SYNTAX ERROR
                     292             TR1 = 1;
*** _________________________________^
*** ERROR #A9 IN 292 (main.asm, LINE 44): SYNTAX ERROR
                     293     }
*** _________________________^
*** ERROR #A9 IN 293 (main.asm, LINE 45): SYNTAX ERROR
                     294     
                     295     void serial_IT(void) interrupt 4
*** _________________________^
*** ERROR #A9 IN 295 (main.asm, LINE 47): SYNTAX ERROR
                     296     {
*** _________________________^
*** ERROR #A9 IN 296 (main.asm, LINE 48): SYNTAX ERROR
                     297       if (RI == 1)
                               { 
                                     RI = 0;                         /* prepare for next reception */
                                 uart_data = SBUF;   /* Read receive data */
                                 SBUF = uart_data;   /* Send back same data on uart*/
                                     write(uart_data);
                               }
                               else 
                     305         TI = 0;                     /* if emission occur */
*** _____________________________^
*** ERROR #A9 IN 305 (main.asm, LINE 57): SYNTAX ERROR
                     306     }
*** _________________________^
*** ERROR #A9 IN 306 (main.asm, LINE 58): SYNTAX ERROR
                     307     
                     308     void main()
*** _________________________^
*** ERROR #A9 IN 308 (main.asm, LINE 60): SYNTAX ERROR
                     309     {
*** _________________________^
*** ERROR #A9 IN 309 (main.asm, LINE 61): SYNTAX ERROR
                     310             init_uart();
*** _________________________________^
*** ERROR #A9 IN 310 (main.asm, LINE 62): SYNTAX ERROR
                     311             Init_System();
*** _________________________________^
*** ERROR #A9 IN 311 (main.asm, LINE 63): SYNTAX ERROR
                     312             LCD_init();
*** _________________________________^
*** ERROR #A9 IN 312 (main.asm, LINE 64): SYNTAX ERROR
                     313             while(1){               
*** _________________________________^
*** _________________________________________^
*** ERROR #A9 IN 313 (main.asm, LINE 65): SYNTAX ERROR
*** ERROR #A3 IN 313 (main.asm, LINE 65): ILLEGAL CHARACTER
                     314             }
*** _________________________________^
*** ERROR #A9 IN 314 (main.asm, LINE 66): SYNTAX ERROR
                     315     }
*** _________________________^
*** ERROR #A9 IN 315 (main.asm, LINE 67): SYNTAX ERROR
A51 MACRO ASSEMBLER  MAIN                                                                 06/13/2020 12:55:55 PAGE    10

                     316     
                     317     
                     318     
                     319     void Init_System()
*** _________________________^
*** ERROR #A9 IN 319 (main.asm, LINE 71): SYNTAX ERROR
                     320     {
*** _________________________^
*** ERROR #A9 IN 320 (main.asm, LINE 72): SYNTAX ERROR
                     321             
                     322             RW=1;   
*** _________________________________^
*** ERROR #A9 IN 322 (main.asm, LINE 74): SYNTAX ERROR
                     323     }
*** _________________________^
*** ERROR #A9 IN 323 (main.asm, LINE 75): SYNTAX ERROR
                     324     void Delay_ms(int interval)
*** _________________________^
*** ERROR #A9 IN 324 (main.asm, LINE 76): SYNTAX ERROR
                     325     {
*** _________________________^
*** ERROR #A9 IN 325 (main.asm, LINE 77): SYNTAX ERROR
                     326             int i,j;
*** _________________________________^
*** ERROR #A9 IN 326 (main.asm, LINE 78): SYNTAX ERROR
                     327             for(i=0;i<1000;i++)
*** _________________________________^
*** ERROR #A9 IN 327 (main.asm, LINE 79): SYNTAX ERROR
                     328             {
*** _________________________________^
*** ERROR #A9 IN 328 (main.asm, LINE 80): SYNTAX ERROR
                     329                     for(j=0;j<interval;j++);
*** _________________________________________^
*** ERROR #A9 IN 329 (main.asm, LINE 81): SYNTAX ERROR
                     330             }
*** _________________________________^
*** ERROR #A9 IN 330 (main.asm, LINE 82): SYNTAX ERROR
                     331     }
*** _________________________^
*** ERROR #A9 IN 331 (main.asm, LINE 83): SYNTAX ERROR
                     332     
                     333     void LCD_Send_Command(unsigned char x)
*** _________________________^
*** ERROR #A9 IN 333 (main.asm, LINE 85): SYNTAX ERROR
                     334     {
*** _________________________^
*** ERROR #A9 IN 334 (main.asm, LINE 86): SYNTAX ERROR
                     335             P0=x;
*** _________________________________^
*** ERROR #A9 IN 335 (main.asm, LINE 87): SYNTAX ERROR
                     336             RS=0; //Chon thanh ghi lenh
*** _________________________________^
*** ERROR #A9 IN 336 (main.asm, LINE 88): SYNTAX ERROR
                     337             RW=0; //De ghi du lieu
*** _________________________________^
*** ERROR #A9 IN 337 (main.asm, LINE 89): SYNTAX ERROR
                     338             EN=1;
*** _________________________________^
*** ERROR #A9 IN 338 (main.asm, LINE 90): SYNTAX ERROR
                     339             Delay_ms(1);
*** _________________________________^
*** ERROR #A9 IN 339 (main.asm, LINE 91): SYNTAX ERROR
                     340             EN=0;           
*** _________________________________^
*** ERROR #A9 IN 340 (main.asm, LINE 92): SYNTAX ERROR
                     341             Wait_For_LCD(); //Doi cho LCD san sang
A51 MACRO ASSEMBLER  MAIN                                                                 06/13/2020 12:55:55 PAGE    11

*** _________________________________^
*** ERROR #A9 IN 341 (main.asm, LINE 93): SYNTAX ERROR
                     342             EN=1;             
*** _________________________________^
*** ERROR #A9 IN 342 (main.asm, LINE 94): SYNTAX ERROR
                     343     }
*** _________________________^
*** ERROR #A9 IN 343 (main.asm, LINE 95): SYNTAX ERROR
                     344     
                     345     void Wait_For_LCD()
*** _________________________^
*** ERROR #A9 IN 345 (main.asm, LINE 97): SYNTAX ERROR
                     346     {
*** _________________________^
*** ERROR #A9 IN 346 (main.asm, LINE 98): SYNTAX ERROR
                     347             Delay_ms(10);
*** _________________________________^
*** ERROR #A9 IN 347 (main.asm, LINE 99): SYNTAX ERROR
                     348     }
*** _________________________^
*** ERROR #A9 IN 348 (main.asm, LINE 100): SYNTAX ERROR
                     349     void LCD_init()
*** _________________________^
*** ERROR #A9 IN 349 (main.asm, LINE 101): SYNTAX ERROR
                     350     {
*** _________________________^
*** ERROR #A9 IN 350 (main.asm, LINE 102): SYNTAX ERROR
                     351             LCD_Send_Command(0x38); //Chon che do 8 bit, 2 hang cho LCD
*** _________________________________^
*** ERROR #A9 IN 351 (main.asm, LINE 103): SYNTAX ERROR
                     352             LCD_Send_Command(0x0E); //Bat hien thi, nhap nhay con tro       
*** _________________________________^
*** ERROR #A9 IN 352 (main.asm, LINE 104): SYNTAX ERROR
                     353             LCD_Send_Command(0x01); //Xoa man hinh  
*** _________________________________^
*** ERROR #A9 IN 353 (main.asm, LINE 105): SYNTAX ERROR
                     354             LCD_Send_Command(0x80); //Ve dau dong
*** _________________________________^
*** ERROR #A9 IN 354 (main.asm, LINE 106): SYNTAX ERROR
                     355             
                     356     }
*** _________________________^
*** ERROR #A9 IN 356 (main.asm, LINE 108): SYNTAX ERROR
                     357     
                     358     void LCD_Write_One_Char(unsigned char c)
*** _________________________^
*** ERROR #A9 IN 358 (main.asm, LINE 110): SYNTAX ERROR
                     359     {
*** _________________________^
*** ERROR #A9 IN 359 (main.asm, LINE 111): SYNTAX ERROR
                     360             P0=c; //Dua du lieu vao thanh ghi 
*** _________________________________^
*** ERROR #A9 IN 360 (main.asm, LINE 112): SYNTAX ERROR
                     361             RS=1; //Chon thanh ghi du lieu
*** _________________________________^
*** ERROR #A9 IN 361 (main.asm, LINE 113): SYNTAX ERROR
                     362             RW=0;
*** _________________________________^
*** ERROR #A9 IN 362 (main.asm, LINE 114): SYNTAX ERROR
                     363             EN=1;
*** _________________________________^
*** ERROR #A9 IN 363 (main.asm, LINE 115): SYNTAX ERROR
                     364             Delay_ms(1);    
*** _________________________________^
*** ERROR #A9 IN 364 (main.asm, LINE 116): SYNTAX ERROR
                     365             EN=0;
A51 MACRO ASSEMBLER  MAIN                                                                 06/13/2020 12:55:55 PAGE    12

*** _________________________________^
*** ERROR #A9 IN 365 (main.asm, LINE 117): SYNTAX ERROR
                     366             Wait_For_LCD(); 
*** _________________________________^
*** ERROR #A9 IN 366 (main.asm, LINE 118): SYNTAX ERROR
                     367             EN=1;
*** _________________________________^
*** ERROR #A9 IN 367 (main.asm, LINE 119): SYNTAX ERROR
                     368     }
*** _________________________^
*** ERROR #A9 IN 368 (main.asm, LINE 120): SYNTAX ERROR
                     369     
                     370     void LCD_Write_String(unsigned char *s)
*** _________________________^
*** ERROR #A9 IN 370 (main.asm, LINE 122): SYNTAX ERROR
                     371     {
*** _________________________^
*** ERROR #A9 IN 371 (main.asm, LINE 123): SYNTAX ERROR
                     372             unsigned char length;
*** _________________________________^
*** ERROR #A9 IN 372 (main.asm, LINE 124): SYNTAX ERROR
                     373             length=strlen(s); //Lay do dai xau
*** _________________________________^
*** ERROR #A9 IN 373 (main.asm, LINE 125): SYNTAX ERROR
                     374             while(length!=0)
*** _________________________________^
*** ERROR #A9 IN 374 (main.asm, LINE 126): SYNTAX ERROR
                     375             {
*** _________________________________^
*** ERROR #A9 IN 375 (main.asm, LINE 127): SYNTAX ERROR
                     376                     LCD_Write_One_Char(*s); //Ghi ra LCD gia tri duoc tro boi con tro
*** _________________________________________^
*** ERROR #A9 IN 376 (main.asm, LINE 128): SYNTAX ERROR
                     377                     s++; //Tang con tro
*** _________________________________________^
*** ERROR #A9 IN 377 (main.asm, LINE 129): SYNTAX ERROR
                     378                     length--;                        
*** _________________________________________^
*** ERROR #A9 IN 378 (main.asm, LINE 130): SYNTAX ERROR
                     379             }
*** _________________________________^
*** ERROR #A9 IN 379 (main.asm, LINE 131): SYNTAX ERROR
                     380     }
*** _________________________^
*** ERROR #A9 IN 380 (main.asm, LINE 132): SYNTAX ERROR
                     381     
*** ERROR #A56 IN 381 (main.asm, LINE 133): UNBALANCED IF-ENDIF CONTROLS
*** WARNING #A41 IN 381 (main.asm, LINE 133): MISSING 'END' STATEMENT
A51 MACRO ASSEMBLER  MAIN                                                                 06/13/2020 12:55:55 PAGE    13

SYMBOL TABLE LISTING
------ ----- -------


N A M E             T Y P E  V A L U E   ATTRIBUTES

AC . . . . . . . .  B ADDR   00D0H.6 A   
ACC. . . . . . . .  D ADDR   00E0H   A   
B. . . . . . . . .  D ADDR   00F0H   A   
CHAR . . . . . . .    ----   -----       
CONST. . . . . . .    ----   -----       
CY . . . . . . . .  B ADDR   00D0H.7 A   
DELAY_MS . . . . .    ----   -----       
DPH. . . . . . . .  D ADDR   0083H   A   
DPL. . . . . . . .  D ADDR   0082H   A   
EA . . . . . . . .  B ADDR   00A8H.7 A   
EN . . . . . . . .  B ADDR   0090H.2 A   
ES . . . . . . . .  B ADDR   00A8H.4 A   
ET0. . . . . . . .  B ADDR   00A8H.1 A   
ET1. . . . . . . .  B ADDR   00A8H.3 A   
ET2. . . . . . . .  B ADDR   00A8H.5 A   
EX0. . . . . . . .  B ADDR   00A8H.0 A   
EX1. . . . . . . .  B ADDR   00A8H.2 A   
EXTERN . . . . . .    ----   -----       
F0 . . . . . . . .  B ADDR   00D0H.5 A   
F1 . . . . . . . .  B ADDR   00D0H.1 A   
FOR. . . . . . . .    ----   -----       
I. . . . . . . . .    ----   -----       
IE . . . . . . . .  D ADDR   00A8H   A   
IE0. . . . . . . .  B ADDR   0088H.1 A   
IE1. . . . . . . .  B ADDR   0088H.3 A   
INDEX. . . . . . .    ----   -----       
INIT_SYSTEM. . . .    ----   -----       
INIT_UART. . . . .    ----   -----       
INT. . . . . . . .    ----   -----       
INT0 . . . . . . .  B ADDR   00B0H.2 A   
INT1 . . . . . . .  B ADDR   00B0H.3 A   
INTERRUPT. . . . .    ----   -----       
INTERVAL . . . . .    ----   -----       
IP . . . . . . . .  D ADDR   00B8H   A   
IT0. . . . . . . .  B ADDR   0088H.0 A   
IT1. . . . . . . .  B ADDR   0088H.2 A   
J. . . . . . . . .    ----   -----       
LCD_INIT . . . . .    ----   -----       
LCD_SEND_COMMAND .    ----   -----       
LCD_WRITE_ONE_CHAR    ----   -----       
LCD_WRITE_STRING .    ----   -----       
LENGTH . . . . . .    ----   -----       
MAIN . . . . . . .    ----   -----       
MEMCCPY. . . . . .    ----   -----       
MEMCHR . . . . . .    ----   -----       
MEMCMP . . . . . .    ----   -----       
MEMCPY . . . . . .    ----   -----       
MEMMOVE. . . . . .    ----   -----       
MEMSET . . . . . .    ----   -----       
MESSAGE. . . . . .    ----   -----       
N. . . . . . . . .    ----   -----       
OV . . . . . . . .  B ADDR   00D0H.2 A   
P. . . . . . . . .  B ADDR   00D0H.0 A   
P0 . . . . . . . .  D ADDR   0080H   A   
P0_0 . . . . . . .  B ADDR   0080H.0 A   
P0_1 . . . . . . .  B ADDR   0080H.1 A   
P0_2 . . . . . . .  B ADDR   0080H.2 A   
P0_3 . . . . . . .  B ADDR   0080H.3 A   
P0_4 . . . . . . .  B ADDR   0080H.4 A   
P0_5 . . . . . . .  B ADDR   0080H.5 A   
A51 MACRO ASSEMBLER  MAIN                                                                 06/13/2020 12:55:55 PAGE    14

P0_6 . . . . . . .  B ADDR   0080H.6 A   
P0_7 . . . . . . .  B ADDR   0080H.7 A   
P1 . . . . . . . .  D ADDR   0090H   A   
P1_0 . . . . . . .  B ADDR   0090H.0 A   
P1_1 . . . . . . .  B ADDR   0090H.1 A   
P1_2 . . . . . . .  B ADDR   0090H.2 A   
P1_3 . . . . . . .  B ADDR   0090H.3 A   
P1_4 . . . . . . .  B ADDR   0090H.4 A   
P1_5 . . . . . . .  B ADDR   0090H.5 A   
P1_6 . . . . . . .  B ADDR   0090H.6 A   
P1_7 . . . . . . .  B ADDR   0090H.7 A   
P2 . . . . . . . .  D ADDR   00A0H   A   
P2_0 . . . . . . .  B ADDR   00A0H.0 A   
P2_1 . . . . . . .  B ADDR   00A0H.1 A   
P2_2 . . . . . . .  B ADDR   00A0H.2 A   
P2_3 . . . . . . .  B ADDR   00A0H.3 A   
P2_4 . . . . . . .  B ADDR   00A0H.4 A   
P2_5 . . . . . . .  B ADDR   00A0H.5 A   
P2_6 . . . . . . .  B ADDR   00A0H.6 A   
P2_7 . . . . . . .  B ADDR   00A0H.7 A   
P3 . . . . . . . .  D ADDR   00B0H   A   
P3_0 . . . . . . .  B ADDR   00B0H.0 A   
P3_1 . . . . . . .  B ADDR   00B0H.1 A   
P3_2 . . . . . . .  B ADDR   00B0H.2 A   
P3_3 . . . . . . .  B ADDR   00B0H.3 A   
P3_4 . . . . . . .  B ADDR   00B0H.4 A   
P3_5 . . . . . . .  B ADDR   00B0H.5 A   
P3_6 . . . . . . .  B ADDR   00B0H.6 A   
P3_7 . . . . . . .  B ADDR   00B0H.7 A   
PCON . . . . . . .  D ADDR   0087H   A   
PS . . . . . . . .  B ADDR   00B8H.4 A   
PSW. . . . . . . .  D ADDR   00D0H   A   
PT0. . . . . . . .  B ADDR   00B8H.1 A   
PT1. . . . . . . .  B ADDR   00B8H.3 A   
PT2. . . . . . . .  B ADDR   00B8H.5 A   
PX0. . . . . . . .  B ADDR   00B8H.0 A   
PX1. . . . . . . .  B ADDR   00B8H.2 A   
RB8. . . . . . . .  B ADDR   0098H.2 A   
RD . . . . . . . .  B ADDR   00B0H.7 A   
REN. . . . . . . .  B ADDR   0098H.4 A   
RI . . . . . . . .  B ADDR   0098H.0 A   
RS . . . . . . . .  B ADDR   0090H.0 A   
RS0. . . . . . . .  B ADDR   00D0H.3 A   
RS1. . . . . . . .  B ADDR   00D0H.4 A   
RW . . . . . . . .  B ADDR   0090H.1 A   
RXD. . . . . . . .  B ADDR   00B0H.0 A   
S. . . . . . . . .    ----   -----       
S1 . . . . . . . .    ----   -----       
S2 . . . . . . . .    ----   -----       
SBUF . . . . . . .  D ADDR   0099H   A   
SCON . . . . . . .  D ADDR   0098H   A   
SERIAL_IT. . . . .    ----   -----       
SIZE_T . . . . . .    ----   -----       
SM0. . . . . . . .  B ADDR   0098H.7 A   
SM1. . . . . . . .  B ADDR   0098H.6 A   
SM2. . . . . . . .  B ADDR   0098H.5 A   
SP . . . . . . . .  D ADDR   0081H   A   
STR. . . . . . . .    ----   -----       
STRCAT . . . . . .    ----   -----       
STRCHR . . . . . .    ----   -----       
STRCMP . . . . . .    ----   -----       
STRCPY . . . . . .    ----   -----       
STRCSPN. . . . . .    ----   -----       
STRLEN . . . . . .    ----   -----       
STRNCAT. . . . . .    ----   -----       
STRNCMP. . . . . .    ----   -----       
A51 MACRO ASSEMBLER  MAIN                                                                 06/13/2020 12:55:55 PAGE    15

STRNCPY. . . . . .    ----   -----       
STRPBRK. . . . . .    ----   -----       
STRPOS . . . . . .    ----   -----       
STRRCHR. . . . . .    ----   -----       
STRRPBRK . . . . .    ----   -----       
STRRPOS. . . . . .    ----   -----       
STRSPN . . . . . .    ----   -----       
STRSTR . . . . . .    ----   -----       
STRTOK . . . . . .    ----   -----       
SUB. . . . . . . .    ----   -----       
T0 . . . . . . . .  B ADDR   00B0H.4 A   
T1 . . . . . . . .  B ADDR   00B0H.5 A   
TB8. . . . . . . .  B ADDR   0098H.3 A   
TCON . . . . . . .  D ADDR   0088H   A   
TF0. . . . . . . .  B ADDR   0088H.5 A   
TF1. . . . . . . .  B ADDR   0088H.7 A   
TH0. . . . . . . .  D ADDR   008CH   A   
TH1. . . . . . . .  D ADDR   008DH   A   
TI . . . . . . . .  B ADDR   0098H.1 A   
TL0. . . . . . . .  D ADDR   008AH   A   
TL1. . . . . . . .  D ADDR   008BH   A   
TMOD . . . . . . .  D ADDR   0089H   A   
TR0. . . . . . . .  B ADDR   0088H.4 A   
TR1. . . . . . . .  B ADDR   0088H.6 A   
TXD. . . . . . . .  B ADDR   00B0H.1 A   
TYPEDEF. . . . . .    ----   -----       
UART_DATA. . . . .    ----   -----       
UNSIGNED . . . . .    ----   -----       
VAL. . . . . . . .    ----   -----       
VOID . . . . . . .    ----   -----       
WAIT_FOR_LCD . . .    ----   -----       
WHILE. . . . . . .    ----   -----       
WR . . . . . . . .  B ADDR   00B0H.6 A   
WRITE. . . . . . .    ----   -----       
X. . . . . . . . .    ----   -----       


REGISTER BANK(S) USED: 0 


ASSEMBLY COMPLETE.  1 WARNING(S), 194 ERROR(S)
